d:\downloads\e3_lighting\export\e1_simpleterrain\e1_simpleterrain\x64\debug\vc141.pdb
d:\downloads\e3_lighting\export\e1_simpleterrain\e1_simpleterrain\x64\debug\vc141.idb
d:\downloads\e3_lighting\export\e1_simpleterrain\e1_simpleterrain\x64\debug\terrainmesh.obj
d:\downloads\e3_lighting\export\e1_simpleterrain\e1_simpleterrain\x64\debug\main.obj
d:\downloads\e3_lighting\export\e1_simpleterrain\e1_simpleterrain\x64\debug\lightshader.obj
d:\downloads\e3_lighting\export\e1_simpleterrain\e1_simpleterrain\x64\debug\app1.obj
d:\downloads\e3_lighting\newestversion\e1_simpleterrain\e1_simpleterrain\e1_simpleterrain\x64\debug\vc141.pdb
d:\downloads\e3_lighting\newestversion\e1_simpleterrain\e1_simpleterrain\e1_simpleterrain\x64\debug\vc141.idb
d:\downloads\e3_lighting\newestversion\e1_simpleterrain\e1_simpleterrain\e1_simpleterrain\x64\debug\terrainmesh.obj
d:\downloads\e3_lighting\newestversion\e1_simpleterrain\e1_simpleterrain\e1_simpleterrain\x64\debug\main.obj
d:\downloads\e3_lighting\newestversion\e1_simpleterrain\e1_simpleterrain\e1_simpleterrain\x64\debug\lightshader.obj
d:\downloads\e3_lighting\newestversion\e1_simpleterrain\e1_simpleterrain\e1_simpleterrain\x64\debug\app1.obj
d:\downloads\e3_lighting\newestversion\e1_simpleterrain\e1_simpleterrain\e1_simpleterrain\x64\debug\perlinnoise.obj
d:\downloads\e3_lighting\newestversion\e1_simpleterrain\e1_simpleterrain\e1_simpleterrain\x64\debug\cperlinnoise.obj
d:\downloads\e3_lighting\newestversion\e1_simpleterrain\e1_simpleterrain - copy\e1_simpleterrain\x64\debug\vc141.pdb
d:\downloads\e3_lighting\newestversion\e1_simpleterrain\e1_simpleterrain - copy\e1_simpleterrain\x64\debug\vc141.idb
d:\downloads\e3_lighting\newestversion\e1_simpleterrain\e1_simpleterrain - copy\e1_simpleterrain\x64\debug\terrainmesh.obj
d:\downloads\e3_lighting\newestversion\e1_simpleterrain\e1_simpleterrain - copy\e1_simpleterrain\x64\debug\perlinnoise.obj
d:\downloads\e3_lighting\newestversion\e1_simpleterrain\e1_simpleterrain - copy\e1_simpleterrain\x64\debug\main.obj
d:\downloads\e3_lighting\newestversion\e1_simpleterrain\e1_simpleterrain - copy\e1_simpleterrain\x64\debug\lightshader.obj
d:\downloads\e3_lighting\newestversion\e1_simpleterrain\e1_simpleterrain - copy\e1_simpleterrain\x64\debug\cperlinnoise.obj
d:\downloads\e3_lighting\newestversion\e1_simpleterrain\e1_simpleterrain - copy\e1_simpleterrain\x64\debug\app1.obj
d:\downloads\e3_lighting\e1_simpleterrain\e1_simpleterrain\x64\debug\vc141.pdb
d:\downloads\e3_lighting\e1_simpleterrain\e1_simpleterrain\x64\debug\vc141.idb
d:\downloads\e3_lighting\e1_simpleterrain\e1_simpleterrain\x64\debug\terrainmesh.obj
d:\downloads\e3_lighting\e1_simpleterrain\e1_simpleterrain\x64\debug\main.obj
d:\downloads\e3_lighting\e1_simpleterrain\e1_simpleterrain\x64\debug\lightshader.obj
d:\downloads\e3_lighting\e1_simpleterrain\e1_simpleterrain\x64\debug\app1.obj
d:\downloads\e3_lighting\export\e1_simpleterrain\e1_simpleterrain\light_ps.cso
d:\downloads\e3_lighting\export\e1_simpleterrain\e1_simpleterrain\light_vs.cso
d:\downloads\e3_lighting\newestversion\e1_simpleterrain\e1_simpleterrain\e1_simpleterrain\light_vs.cso
d:\downloads\e3_lighting\newestversion\e1_simpleterrain\e1_simpleterrain\e1_simpleterrain\light_ps.cso
d:\downloads\e3_lighting\newestversion\e1_simpleterrain\e1_simpleterrain - copy\e1_simpleterrain\light_ps.cso
d:\downloads\e3_lighting\newestversion\e1_simpleterrain\e1_simpleterrain - copy\e1_simpleterrain\light_vs.cso
d:\downloads\e3_lighting\e1_simpleterrain\e1_simpleterrain\light_ps.cso
d:\downloads\e3_lighting\e1_simpleterrain\e1_simpleterrain\light_vs.cso
d:\downloads\e3_lighting\newestversion\e1_simpleterrain\e1_simpleterrain - copy\x64\debug\e1_simpleterrain.exe
d:\downloads\e3_lighting\newestversion\e1_simpleterrain\e1_simpleterrain - copy\x64\debug\e1_simpleterrain.ilk
d:\downloads\e3_lighting\newestversion\e1_simpleterrain\e1_simpleterrain - copy\x64\debug\e1_simpleterrain.pdb
d:\downloads\e3_lighting\e1_simpleterrain\x64\debug\e1_simpleterrain.exe
d:\downloads\e3_lighting\e1_simpleterrain\x64\debug\e1_simpleterrain.ilk
d:\downloads\e3_lighting\e1_simpleterrain\x64\debug\e1_simpleterrain.pdb
d:\projects\cmp305-examples\e1_simpleterrain\e1_simpleterrain\x64\debug\app1.obj
d:\projects\cmp305-examples\e1_simpleterrain\e1_simpleterrain\x64\debug\cperlinnoise.obj
d:\projects\cmp305-examples\e1_simpleterrain\e1_simpleterrain\x64\debug\lightshader.obj
d:\projects\cmp305-examples\e1_simpleterrain\e1_simpleterrain\x64\debug\main.obj
d:\projects\cmp305-examples\e1_simpleterrain\e1_simpleterrain\x64\debug\perlinnoise.obj
d:\projects\cmp305-examples\e1_simpleterrain\e1_simpleterrain\x64\debug\terrainmesh.obj
d:\projects\cmp305-examples\e1_simpleterrain\e1_simpleterrain\x64\debug\vc141.idb
d:\projects\cmp305-examples\e1_simpleterrain\e1_simpleterrain\x64\debug\vc141.pdb
d:\projects\cmp305-examples\e1_simpleterrain\e1_simpleterrain\x64\debug\e1_simpleterrain.tlog\cl.command.1.tlog
d:\projects\cmp305-examples\e1_simpleterrain\e1_simpleterrain\x64\debug\e1_simpleterrain.tlog\cl.read.1.tlog
d:\projects\cmp305-examples\e1_simpleterrain\e1_simpleterrain\x64\debug\e1_simpleterrain.tlog\cl.write.1.tlog
d:\projects\cmp305-examples\e1_simpleterrain\e1_simpleterrain\x64\debug\e1_simpleterrain.tlog\fxc.command.1.tlog
d:\projects\cmp305-examples\e1_simpleterrain\e1_simpleterrain\x64\debug\e1_simpleterrain.tlog\fxc.read.1.tlog
d:\projects\cmp305-examples\e1_simpleterrain\e1_simpleterrain\x64\debug\e1_simpleterrain.tlog\fxc.write.1.tlog
d:\projects\cmp305-examples\e1_simpleterrain\e1_simpleterrain\x64\debug\e1_simpleterrain.tlog\link.command.1.tlog
d:\projects\cmp305-examples\e1_simpleterrain\e1_simpleterrain\x64\debug\e1_simpleterrain.tlog\link.read.1.tlog
d:\projects\cmp305-examples\e1_simpleterrain\e1_simpleterrain\x64\debug\e1_simpleterrain.tlog\link.write.1.tlog
